Function 'start' was called from module '__main__' at '2024-04-16 21:23:27.522324'
Function 'start' was called from module '__main__' at '2024-04-16 21:23:31.940750'
Function 'start' was called from module '__main__' at '2024-04-16 21:23:34.300088'
Function 'start' was called from module '__main__' at '2024-04-16 21:24:33.828352'
Function 'start' was called from module '__main__' at '2024-04-16 21:24:36.315932'
Function 'start' was called from module '__main__' at '2024-04-16 21:25:29.596792'
Function 'start' was called from module '__main__' at '2024-04-16 21:25:33.572341'
Function 'test' was called from module '__main__' at '2024-04-16 21:25:36.579935'
Function 'loopThisIfNeeded' was called from module '__main__' at '2024-04-16 21:25:36.580936'
Function 'loopThisIfNeeded' was called from module '__main__' at '2024-04-16 21:25:36.580936'
Function 'loopThisIfNeeded' was called from module '__main__' at '2024-04-16 21:25:36.581944'
Function 'loopThisIfNeeded' was called from module '__main__' at '2024-04-16 21:25:36.581944'
Function 'loopThisIfNeeded' was called from module '__main__' at '2024-04-16 21:25:36.581944'
Function 'start' was called from module '__main__' at '2024-04-16 21:25:36.582935'
Function 'is_prime' was called from module '__main__' at '2024-04-16 21:25:39.299645'
Function 'start' was called from module '__main__' at '2024-04-16 21:26:19.003750'
Function 'is_prime' was called from module '__main__' at '2024-04-16 21:26:24.444202'
Function 'PrimeNumbers' was called from module '__main__' at '2024-04-16 21:26:26.907068'
Function 'start' was called from module '__main__' at '2024-04-16 21:27:38.693307'
Function 'AtrributeThings' was called from module '__main__' at '2024-04-16 21:27:40.525117'
Function 'start' was called from module '__main__' at '2024-04-16 21:28:28.397837'
Function 'AtrributeThings' was called from module '__main__' at '2024-04-16 21:28:30.340329'
Function 'start' was called from module '__main__' at '2024-04-16 21:28:30.340329'
